[0.111s] DEBUG:colcon:Command line arguments: ['/usr/bin/colcon', 'list', '-p', '--base-paths', '/home/corentin/Documents/Anglais/Connect4']
[0.112s] DEBUG:colcon:Parsed command line arguments: Namespace(base_paths=['/home/corentin/Documents/Anglais/Connect4'], build_base='build', ignore_user_meta=False, log_base=None, log_level=None, main=<bound method ListVerb.main of <colcon_package_information.verb.list.ListVerb object at 0x7f0a231604f0>>, metas=['./colcon.meta'], names_only=False, packages_above=None, packages_above_and_dependencies=None, packages_above_depth=None, packages_end=None, packages_ignore=None, packages_ignore_regex=None, packages_select=None, packages_select_build_failed=False, packages_select_by_dep=None, packages_select_regex=None, packages_select_test_failures=False, packages_skip=None, packages_skip_build_finished=False, packages_skip_by_dep=None, packages_skip_regex=None, packages_skip_test_passed=False, packages_skip_up_to=None, packages_start=None, packages_up_to=None, packages_up_to_regex=None, paths=None, paths_only=True, topological_graph=False, topological_graph_density=False, topological_graph_dot=False, topological_graph_dot_cluster=False, topological_graph_dot_include_skipped=False, topological_graph_legend=False, topological_order=False, verb_extension=<colcon_package_information.verb.list.ListVerb object at 0x7f0a231604f0>, verb_name='list', verb_parser=<colcon_defaults.argument_parser.defaults.DefaultArgumentsDecorator object at 0x7f0a230864c0>)
[0.131s] Level 1:colcon.colcon_core.package_discovery:discover_packages(colcon_meta) check parameters
[0.132s] Level 1:colcon.colcon_core.package_discovery:discover_packages(recursive) check parameters
[0.132s] Level 1:colcon.colcon_core.package_discovery:discover_packages(ignore) check parameters
[0.132s] Level 1:colcon.colcon_core.package_discovery:discover_packages(path) check parameters
[0.132s] Level 1:colcon.colcon_core.package_discovery:discover_packages(recursive) discover
[0.132s] INFO:colcon.colcon_core.package_discovery:Crawling recursively for packages in '/home/corentin/Documents/Anglais/Connect4'
[0.132s] Level 1:colcon.colcon_core.package_identification:_identify(/home/corentin/Documents/Anglais/Connect4) by extensions ['ignore', 'ignore_ament_install']
[0.132s] Level 1:colcon.colcon_core.package_identification:_identify(/home/corentin/Documents/Anglais/Connect4) by extension 'ignore'
[0.132s] Level 1:colcon.colcon_core.package_identification:_identify(/home/corentin/Documents/Anglais/Connect4) by extension 'ignore_ament_install'
[0.132s] Level 1:colcon.colcon_core.package_identification:_identify(/home/corentin/Documents/Anglais/Connect4) by extensions ['colcon_pkg']
[0.132s] Level 1:colcon.colcon_core.package_identification:_identify(/home/corentin/Documents/Anglais/Connect4) by extension 'colcon_pkg'
[0.132s] Level 1:colcon.colcon_core.package_identification:_identify(/home/corentin/Documents/Anglais/Connect4) by extensions ['colcon_meta']
[0.132s] Level 1:colcon.colcon_core.package_identification:_identify(/home/corentin/Documents/Anglais/Connect4) by extension 'colcon_meta'
[0.132s] Level 1:colcon.colcon_core.package_identification:_identify(/home/corentin/Documents/Anglais/Connect4) by extensions ['ros']
[0.132s] Level 1:colcon.colcon_core.package_identification:_identify(/home/corentin/Documents/Anglais/Connect4) by extension 'ros'
[0.142s] Level 1:colcon.colcon_core.package_identification:_identify(/home/corentin/Documents/Anglais/Connect4) by extensions ['cmake', 'python']
[0.142s] Level 1:colcon.colcon_core.package_identification:_identify(/home/corentin/Documents/Anglais/Connect4) by extension 'cmake'
[0.143s] Level 1:colcon.colcon_core.package_identification:_identify(/home/corentin/Documents/Anglais/Connect4) by extension 'python'
[0.143s] Level 1:colcon.colcon_core.package_identification:_identify(/home/corentin/Documents/Anglais/Connect4) by extensions ['python_setup_py']
[0.143s] Level 1:colcon.colcon_core.package_identification:_identify(/home/corentin/Documents/Anglais/Connect4) by extension 'python_setup_py'
[0.143s] Level 1:colcon.colcon_core.package_identification:_identify(/home/corentin/Documents/Anglais/Connect4/__pycache__) by extensions ['ignore', 'ignore_ament_install']
[0.143s] Level 1:colcon.colcon_core.package_identification:_identify(/home/corentin/Documents/Anglais/Connect4/__pycache__) by extension 'ignore'
[0.143s] Level 1:colcon.colcon_core.package_identification:_identify(/home/corentin/Documents/Anglais/Connect4/__pycache__) by extension 'ignore_ament_install'
[0.143s] Level 1:colcon.colcon_core.package_identification:_identify(/home/corentin/Documents/Anglais/Connect4/__pycache__) by extensions ['colcon_pkg']
[0.143s] Level 1:colcon.colcon_core.package_identification:_identify(/home/corentin/Documents/Anglais/Connect4/__pycache__) by extension 'colcon_pkg'
[0.143s] Level 1:colcon.colcon_core.package_identification:_identify(/home/corentin/Documents/Anglais/Connect4/__pycache__) by extensions ['colcon_meta']
[0.143s] Level 1:colcon.colcon_core.package_identification:_identify(/home/corentin/Documents/Anglais/Connect4/__pycache__) by extension 'colcon_meta'
[0.143s] Level 1:colcon.colcon_core.package_identification:_identify(/home/corentin/Documents/Anglais/Connect4/__pycache__) by extensions ['ros']
[0.143s] Level 1:colcon.colcon_core.package_identification:_identify(/home/corentin/Documents/Anglais/Connect4/__pycache__) by extension 'ros'
[0.143s] Level 1:colcon.colcon_core.package_identification:_identify(/home/corentin/Documents/Anglais/Connect4/__pycache__) by extensions ['cmake', 'python']
[0.143s] Level 1:colcon.colcon_core.package_identification:_identify(/home/corentin/Documents/Anglais/Connect4/__pycache__) by extension 'cmake'
[0.143s] Level 1:colcon.colcon_core.package_identification:_identify(/home/corentin/Documents/Anglais/Connect4/__pycache__) by extension 'python'
[0.143s] Level 1:colcon.colcon_core.package_identification:_identify(/home/corentin/Documents/Anglais/Connect4/__pycache__) by extensions ['python_setup_py']
[0.143s] Level 1:colcon.colcon_core.package_identification:_identify(/home/corentin/Documents/Anglais/Connect4/__pycache__) by extension 'python_setup_py'
[0.144s] Level 1:colcon.colcon_core.package_identification:_identify(/home/corentin/Documents/Anglais/Connect4/log) by extensions ['ignore', 'ignore_ament_install']
[0.144s] Level 1:colcon.colcon_core.package_identification:_identify(/home/corentin/Documents/Anglais/Connect4/log) by extension 'ignore'
[0.144s] Level 1:colcon.colcon_core.package_identification:_identify(/home/corentin/Documents/Anglais/Connect4/log) ignored
[0.144s] Level 1:colcon.colcon_core.package_discovery:discover_packages(recursive) using defaults
